[debug] [2024-11-11T16:57:54.757Z] ----------------------------------------------------------------------
[debug] [2024-11-11T16:57:54.759Z] Command:       C:\Program Files\nodejs\node.exe C:\Users\vara.DESKTOP-OIPRRSN\AppData\Roaming\npm\node_modules\firebase-tools\lib\bin\firebase.js init
[debug] [2024-11-11T16:57:54.759Z] CLI Version:   13.24.2
[debug] [2024-11-11T16:57:54.759Z] Platform:      win32
[debug] [2024-11-11T16:57:54.759Z] Node Version:  v22.11.0
[debug] [2024-11-11T16:57:54.760Z] Time:          Mon Nov 11 2024 22:27:54 GMT+0530 (India Standard Time)
[debug] [2024-11-11T16:57:54.760Z] ----------------------------------------------------------------------
[debug] 
[debug] [2024-11-11T16:57:54.765Z] > command requires scopes: ["email","openid","https://www.googleapis.com/auth/cloudplatformprojects.readonly","https://www.googleapis.com/auth/firebase","https://www.googleapis.com/auth/cloud-platform"]
[debug] [2024-11-11T16:57:54.765Z] > authorizing via signed-in user (varaprasadmudiraj587@gmail.com)
[info] 
     ######## #### ########  ######## ########     ###     ######  ########
     ##        ##  ##     ## ##       ##     ##  ##   ##  ##       ##
     ######    ##  ########  ######   ########  #########  ######  ######
     ##        ##  ##    ##  ##       ##     ## ##     ##       ## ##
     ##       #### ##     ## ######## ########  ##     ##  ######  ########

You're about to initialize a Firebase project in this directory:

  C:\Users\vara.DESKTOP-OIPRRSN\Desktop\mounitha

[info] 
=== Project Setup
[info] 
[info] First, let's associate this project directory with a Firebase project.
[info] You can create multiple project aliases by running firebase use --add, 
[info] but for now we'll just set up a default project.
[info] 
[info] i  If you want to create a project in a Google Cloud organization or folder, please use "firebase projects:create" instead, and return to this command when you've created the project. 
[debug] [2024-11-11T16:58:56.054Z] Checked if tokens are valid: true, expires at: 1731347710727
[debug] [2024-11-11T16:58:56.055Z] Checked if tokens are valid: true, expires at: 1731347710727
[debug] [2024-11-11T16:58:56.056Z] >>> [apiv2][query] POST https://cloudresourcemanager.googleapis.com/v1/projects [none]
[debug] [2024-11-11T16:58:56.057Z] >>> [apiv2][body] POST https://cloudresourcemanager.googleapis.com/v1/projects {"projectId":"1","name":"vra"}
[debug] [2024-11-11T16:58:57.852Z] <<< [apiv2][status] POST https://cloudresourcemanager.googleapis.com/v1/projects 400
[debug] [2024-11-11T16:58:57.852Z] <<< [apiv2][body] POST https://cloudresourcemanager.googleapis.com/v1/projects {"error":{"code":400,"message":"Request contains an invalid argument.","status":"INVALID_ARGUMENT","details":[{"@type":"type.googleapis.com/google.rpc.BadRequest","fieldViolations":[{"field":"project_id","description":"project_id must be at least 6 characters long"},{"field":"project_id","description":"project_id contains invalid characters"},{"field":"display_name","description":"project display name must be at least 4 characters"}]},{"@type":"type.googleapis.com/google.rpc.Help","links":[{"url":"https://cloud.google.com/resource-manager/reference/rest/v1/projects"}]}]}}
[debug] [2024-11-11T16:58:58.169Z] FirebaseError: Request to https://cloudresourcemanager.googleapis.com/v1/projects had HTTP Error: 400, Request contains an invalid argument.
    at responseToError (C:\Users\vara.DESKTOP-OIPRRSN\AppData\Roaming\npm\node_modules\firebase-tools\lib\responseToError.js:52:12)
    at RetryOperation._fn (C:\Users\vara.DESKTOP-OIPRRSN\AppData\Roaming\npm\node_modules\firebase-tools\lib\apiv2.js:312:77)
    at process.processTicksAndRejections (node:internal/process/task_queues:105:5)
[error] 
[error] Error: Failed to create project. See firebase-debug.log for more info.
